==25559== Memcheck, a memory error detector
==25559== Copyright (C) 2002-2012, and GNU GPL'd, by Julian Seward et al.
==25559== Using Valgrind-3.8.1 and LibVEX; rerun with -h for copyright info
==25559== Command: ./pa02
==25559== Parent PID: 11026
==25559== 
--25559-- 
--25559-- Valgrind options:
--25559--    --tool=memcheck
--25559--    --leak-check=full
--25559--    --verbose
--25559--    --log-file=memcheck.log
--25559-- Contents of /proc/version:
--25559--   Linux version 2.6.32-431.23.3.el6.x86_64 (mockbuild@x86-027.build.eng.bos.redhat.com) (gcc version 4.4.7 20120313 (Red Hat 4.4.7-4) (GCC) ) #1 SMP Wed Jul 16 06:12:23 EDT 2014
--25559-- Arch and hwcaps: AMD64, amd64-sse3-cx16
--25559-- Page sizes: currently 4096, max supported 4096
--25559-- Valgrind library directory: /usr/lib64/valgrind
--25559-- Reading syms from /home/shay/a/rastogis/ECE264/solutions/demorepo/PA02/pa02
--25559-- Reading syms from /usr/lib64/valgrind/memcheck-amd64-linux
--25559--    object doesn't have a dynamic symbol table
--25559-- Reading syms from /lib64/ld-2.12.so
--25559--   Considering /usr/lib/debug/.build-id/57/bf668f99b7f5917b8d55fbb645173c9a644575.debug ..
--25559--   .. build-id is valid
--25559-- Scheduler: using generic scheduler lock implementation.
--25559-- Reading suppressions file: /usr/lib64/valgrind/default.supp
==25559== embedded gdbserver: reading from /tmp/vgdb-pipe-from-vgdb-to-25559-by-rastogis-on-ecegrid-thin1.ecn.purdue.edu
==25559== embedded gdbserver: writing to   /tmp/vgdb-pipe-to-vgdb-from-25559-by-rastogis-on-ecegrid-thin1.ecn.purdue.edu
==25559== embedded gdbserver: shared mem   /tmp/vgdb-pipe-shared-mem-vgdb-25559-by-rastogis-on-ecegrid-thin1.ecn.purdue.edu
==25559== 
==25559== TO CONTROL THIS PROCESS USING vgdb (which you probably
==25559== don't want to do, unless you know exactly what you're doing,
==25559== or are doing some strange experiment):
==25559==   /usr/lib64/valgrind/../../bin/vgdb --pid=25559 ...command...
==25559== 
==25559== TO DEBUG THIS PROCESS USING GDB: start GDB like this
==25559==   /path/to/gdb ./pa02
==25559== and then give GDB the following command
==25559==   target remote | /usr/lib64/valgrind/../../bin/vgdb --pid=25559
==25559== --pid is optional if only one valgrind process is running
==25559== 
--25559-- REDIR: 0x3f79a17530 (strlen) redirected to 0x38049551 (vgPlain_amd64_linux_REDIR_FOR_strlen)
--25559-- Reading syms from /usr/lib64/valgrind/vgpreload_core-amd64-linux.so
--25559-- Reading syms from /usr/lib64/valgrind/vgpreload_memcheck-amd64-linux.so
--25559-- REDIR: 0x3f79a173a0 (index) redirected to 0x4a07bf0 (index)
--25559-- REDIR: 0x3f79a17420 (strcmp) redirected to 0x4a08530 (strcmp)
--25559-- Reading syms from /lib64/libc-2.12.so
--25559--   Considering /usr/lib/debug/.build-id/07/b5ce35eba864a01b697f5ca117e94b9248064f.debug ..
--25559--   .. build-id is valid
--25559-- REDIR: 0x3f79e84cd0 (strcasecmp) redirected to 0x480155c (_vgnU_ifunc_wrapper)
--25559-- REDIR: 0x3f79e86f90 (strncasecmp) redirected to 0x480155c (_vgnU_ifunc_wrapper)
--25559-- REDIR: 0x3f79e82c40 (__GI_strrchr) redirected to 0x4a07a70 (__GI_strrchr)
--25559-- REDIR: 0x3f79e81160 (__GI_strlen) redirected to 0x4a07f70 (__GI_strlen)
--25559-- REDIR: 0x3f79e8aaf0 (strchrnul) redirected to 0x4a09f10 (strchrnul)
--25559-- REDIR: 0x3f79e7b520 (free) redirected to 0x4a06369 (free)
==25559== 
==25559== HEAP SUMMARY:
==25559==     in use at exit: 0 bytes in 0 blocks
==25559==   total heap usage: 0 allocs, 0 frees, 0 bytes allocated
==25559== 
==25559== All heap blocks were freed -- no leaks are possible
==25559== 
==25559== ERROR SUMMARY: 0 errors from 0 contexts (suppressed: 6 from 6)
--25559-- 
--25559-- used_suppression:      4 U1004-ARM-_dl_relocate_object
--25559-- used_suppression:      2 glibc-2.5.x-on-SUSE-10.2-(PPC)-2a
==25559== 
==25559== ERROR SUMMARY: 0 errors from 0 contexts (suppressed: 6 from 6)
